<?xml version="1.0" encoding="UTF-8"?>
<coverage generated="1634022710899" clover="3.2.0">
  <project timestamp="1634022710899" name="All files">
    <metrics statements="11" coveredstatements="11" conditionals="2" coveredconditionals="2" methods="5" coveredmethods="5" elements="18" coveredelements="18" complexity="0" loc="11" ncloc="11" packages="1" files="2" classes="2"/>
    <file name="Batch.vue" path="/Users/xue/Desktop/vue-validate-directive/src/components/Batch.vue">
      <metrics statements="4" coveredstatements="4" conditionals="0" coveredconditionals="0" methods="2" coveredmethods="2"/>
      <line num="34" count="1" type="stmt"/>
      <line num="35" count="1" type="stmt"/>
      <line num="41" count="1" type="stmt"/>
      <line num="48" count="2" type="stmt"/>
    </file>
    <file name="Form.vue" path="/Users/xue/Desktop/vue-validate-directive/src/components/Form.vue">
      <metrics statements="7" coveredstatements="7" conditionals="2" coveredconditionals="2" methods="3" coveredmethods="3"/>
      <line num="21" count="3" type="stmt"/>
      <line num="22" count="3" type="stmt"/>
      <line num="28" count="5" type="stmt"/>
      <line num="34" count="7" type="stmt"/>
      <line num="37" count="9" type="cond" truecount="2" falsecount="0"/>
      <line num="38" count="5" type="stmt"/>
      <line num="40" count="4" type="stmt"/>
    </file>
  </project>
</coverage>
