<?xml version="1.0" encoding="UTF-8"?>
<coverage generated="1632970883416" clover="3.2.0">
  <project timestamp="1632970883417" name="All files">
    <metrics statements="7" coveredstatements="7" conditionals="2" coveredconditionals="2" methods="3" coveredmethods="3" elements="12" coveredelements="12" complexity="0" loc="7" ncloc="7" packages="1" files="1" classes="1"/>
    <file name="Form.vue" path="/Users/xue/Desktop/vue-validate-directive/src/components/Form.vue">
      <metrics statements="7" coveredstatements="7" conditionals="2" coveredconditionals="2" methods="3" coveredmethods="3"/>
      <line num="21" count="3" type="stmt"/>
      <line num="22" count="3" type="stmt"/>
      <line num="28" count="5" type="stmt"/>
      <line num="34" count="7" type="stmt"/>
      <line num="37" count="9" type="cond" truecount="2" falsecount="0"/>
      <line num="38" count="5" type="stmt"/>
      <line num="40" count="4" type="stmt"/>
    </file>
  </project>
</coverage>
