{"/Users/xue/Desktop/vue-validate-directive/src/components/Form.vue": {"path":"/Users/xue/Desktop/vue-validate-directive/src/components/Form.vue","statementMap":{"0":{"start":{"line":21,"column":0},"end":{"line":21,"column":null}},"1":{"start":{"line":22,"column":0},"end":{"line":22,"column":null}},"2":{"start":{"line":28,"column":0},"end":{"line":28,"column":null}},"3":{"start":{"line":34,"column":0},"end":{"line":34,"column":null}},"4":{"start":{"line":37,"column":0},"end":{"line":41,"column":null}},"5":{"start":{"line":38,"column":0},"end":{"line":38,"column":null}},"6":{"start":{"line":40,"column":0},"end":{"line":40,"column":null}}},"fnMap":{"0":{"name":"data","decl":{"start":{"line":27,"column":0},"end":{"line":27,"column":null}},"loc":{"start":{"line":27,"column":0},"end":{"line":31,"column":null}}},"1":{"name":"validateFn","decl":{"start":{"line":33,"column":0},"end":{"line":33,"column":null}},"loc":{"start":{"line":33,"column":0},"end":{"line":35,"column":null}}},"2":{"name":"validatePass","decl":{"start":{"line":36,"column":0},"end":{"line":36,"column":null}},"loc":{"start":{"line":36,"column":0},"end":{"line":42,"column":null}}}},"branchMap":{"0":{"loc":{"start":{"line":37,"column":0},"end":{"line":41,"column":null}},"type":"if","locations":[{"start":{"line":37,"column":0},"end":{"line":41,"column":null}},{"start":{"line":37,"column":0},"end":{"line":41,"column":null}}]}},"s":{"0":3,"1":3,"2":5,"3":7,"4":9,"5":5,"6":4},"f":{"0":5,"1":7,"2":9},"b":{"0":[5,4]}}
}
