TN:
SF:/Users/xue/Desktop/vue-validate-directive/src/components/Batch.vue
FN:40,data
FN:47,validateFn
FNF:2
FNH:2
FNDA:1,data
FNDA:2,validateFn
DA:34,1
DA:35,1
DA:41,1
DA:48,2
LF:4
LH:4
BRF:0
BRH:0
end_of_record
TN:
SF:/Users/xue/Desktop/vue-validate-directive/src/components/Form.vue
FN:27,data
FN:33,validateFn
FN:36,validatePass
FNF:3
FNH:3
FNDA:5,data
FNDA:7,validateFn
FNDA:9,validatePass
DA:21,3
DA:22,3
DA:28,5
DA:34,7
DA:37,9
DA:38,5
DA:40,4
LF:7
LH:7
BRDA:37,0,0,5
BRDA:37,0,1,4
BRF:2
BRH:2
end_of_record
